*** Starting uWSGI 2.0.17.1 (64bit) on [Tue Oct  9 17:17:54 2018] ***
compiled with version: 4.2.1 Compatible Apple LLVM 9.1.0 (clang-902.0.39.2) on 09 October 2018 09:08:58
os: Darwin-17.7.0 Darwin Kernel Version 17.7.0: Thu Jun 21 22:53:14 PDT 2018; root:xnu-4570.71.2~1/RELEASE_X86_64
nodename: Amishers-MacBook-Pro.local
machine: x86_64
clock source: unix
pcre jit disabled
detected number of CPU cores: 8
current working directory: /Users/mahonghui/Desktop/daily_fresh/daily_fresh/daily_fresh
writing pidfile to uwsgi.pid
detected binary path: /Users/mahonghui/Desktop/daily_fresh/df/bin/uwsgi
chdir() to /Users/mahonghui/Desktop/daily_fresh/daily_fresh
your processes number limit is 1418
your memory page size is 4096 bytes
detected max file descriptor number: 10240
lock engine: OSX spinlocks
thunder lock: disabled (you can enable it with --thunder-lock)
uWSGI http bound on 127.0.0.1:8080 fd 4
uwsgi socket 0 bound to TCP address 127.0.0.1:54090 (port auto-assigned) fd 3
Python version: 3.7.0 (default, Jun 29 2018, 20:13:13)  [Clang 9.1.0 (clang-902.0.39.2)]
Set PythonHome to /Users/mahonghui/Desktop/daily_fresh/df
Python main interpreter initialized at 0x7fbb286029e0
python threads support enabled
your server socket listen backlog is limited to 100 connections
your mercy for graceful operations on workers is 60 seconds
mapped 416560 bytes (406 KB) for 8 cores
*** Operational MODE: preforking+threaded ***
WSGI without exception
WSGI app 0 (mountpoint='') ready in 0 seconds on interpreter 0x7fbb286029e0 pid: 59755 (default app)
*** uWSGI is running in multiple interpreter mode ***
spawned uWSGI master process (pid: 59755)
spawned uWSGI worker 1 (pid: 59756, cores: 2)
spawned uWSGI worker 2 (pid: 59757, cores: 2)
spawned uWSGI worker 3 (pid: 59758, cores: 2)
spawned uWSGI worker 4 (pid: 59759, cores: 2)
spawned uWSGI http 1 (pid: 59760)
gateway "uWSGI http 1" has been buried (pid: 59760)
...brutally killing workers...
worker 4 buried after 1 seconds
worker 3 buried after 1 seconds
worker 2 buried after 1 seconds
worker 1 buried after 1 seconds
binary reloading uWSGI...
chdir() to /Users/mahonghui/Desktop/daily_fresh/daily_fresh/daily_fresh
closing all non-uwsgi socket fds > 2 (max_fd = 10240)...
found fd 3 mapped to socket 0 (127.0.0.1:54090)
running /Users/mahonghui/Desktop/daily_fresh/df/bin/uwsgi
[uWSGI] getting INI configuration from uwsgi.ini
*** Starting uWSGI 2.0.17.1 (64bit) on [Tue Oct  9 17:18:58 2018] ***
compiled with version: 4.2.1 Compatible Apple LLVM 9.1.0 (clang-902.0.39.2) on 09 October 2018 09:08:58
os: Darwin-17.7.0 Darwin Kernel Version 17.7.0: Thu Jun 21 22:53:14 PDT 2018; root:xnu-4570.71.2~1/RELEASE_X86_64
nodename: Amishers-MacBook-Pro.local
machine: x86_64
clock source: unix
pcre jit disabled
detected number of CPU cores: 8
current working directory: /Users/mahonghui/Desktop/daily_fresh/daily_fresh/daily_fresh
detected binary path: /Users/mahonghui/Desktop/daily_fresh/df/bin/uwsgi
chdir() to /Users/mahonghui/Desktop/daily_fresh/daily_fresh
your processes number limit is 1418
your memory page size is 4096 bytes
detected max file descriptor number: 10240
lock engine: OSX spinlocks
thunder lock: disabled (you can enable it with --thunder-lock)
uWSGI http bound on 127.0.0.1:8080 fd 5
uwsgi socket 0 bound to TCP address 127.0.0.1:54112 (port auto-assigned) fd 4
Python version: 3.7.0 (default, Jun 29 2018, 20:13:13)  [Clang 9.1.0 (clang-902.0.39.2)]
Set PythonHome to /Users/mahonghui/Desktop/daily_fresh/df
Python main interpreter initialized at 0x7fdf1ae01b20
python threads support enabled
your server socket listen backlog is limited to 100 connections
your mercy for graceful operations on workers is 60 seconds
mapped 416560 bytes (406 KB) for 8 cores
*** Operational MODE: preforking+threaded ***
WSGI without exception
WSGI app 0 (mountpoint='') ready in 0 seconds on interpreter 0x7fdf1ae01b20 pid: 59755 (default app)
*** uWSGI is running in multiple interpreter mode ***
gracefully (RE)spawned uWSGI master process (pid: 59755)
spawned uWSGI worker 1 (pid: 59777, cores: 2)
spawned uWSGI worker 2 (pid: 59778, cores: 2)
spawned uWSGI worker 3 (pid: 59779, cores: 2)
spawned uWSGI worker 4 (pid: 59780, cores: 2)
spawned uWSGI http 1 (pid: 59781)
SIGINT/SIGQUIT received...killing workers...
gateway "uWSGI http 1" has been buried (pid: 59781)
worker 4 buried after 1 seconds
worker 3 buried after 1 seconds
worker 2 buried after 1 seconds
worker 1 buried after 1 seconds
goodbye to uWSGI.
*** Starting uWSGI 2.0.17.1 (64bit) on [Tue Oct  9 17:19:50 2018] ***
compiled with version: 4.2.1 Compatible Apple LLVM 9.1.0 (clang-902.0.39.2) on 09 October 2018 09:08:58
os: Darwin-17.7.0 Darwin Kernel Version 17.7.0: Thu Jun 21 22:53:14 PDT 2018; root:xnu-4570.71.2~1/RELEASE_X86_64
nodename: Amishers-MacBook-Pro.local
machine: x86_64
clock source: unix
pcre jit disabled
detected number of CPU cores: 8
current working directory: /Users/mahonghui/Desktop/daily_fresh/daily_fresh/daily_fresh
writing pidfile to uwsgi.pid
detected binary path: /Users/mahonghui/Desktop/daily_fresh/df/bin/uwsgi
chdir() to /Users/mahonghui/Desktop/daily_fresh/daily_fresh
your processes number limit is 1418
your memory page size is 4096 bytes
detected max file descriptor number: 10240
lock engine: OSX spinlocks
thunder lock: disabled (you can enable it with --thunder-lock)
uWSGI http bound on 127.0.0.1:8080 fd 4
uwsgi socket 0 bound to TCP address 127.0.0.1:54166 (port auto-assigned) fd 3
Python version: 3.7.0 (default, Jun 29 2018, 20:13:13)  [Clang 9.1.0 (clang-902.0.39.2)]
Set PythonHome to /Users/mahonghui/Desktop/daily_fresh/df
Python main interpreter initialized at 0x7f8f71f02260
python threads support enabled
your server socket listen backlog is limited to 100 connections
your mercy for graceful operations on workers is 60 seconds
mapped 416560 bytes (406 KB) for 8 cores
*** Operational MODE: preforking+threaded ***
WSGI without exception
WSGI app 0 (mountpoint='') ready in 1 seconds on interpreter 0x7f8f71f02260 pid: 59807 (default app)
*** uWSGI is running in multiple interpreter mode ***
spawned uWSGI master process (pid: 59807)
spawned uWSGI worker 1 (pid: 59808, cores: 2)
spawned uWSGI worker 2 (pid: 59809, cores: 2)
spawned uWSGI worker 3 (pid: 59810, cores: 2)
spawned uWSGI worker 4 (pid: 59811, cores: 2)
spawned uWSGI http 1 (pid: 59812)
[pid: 59811|app: 0|req: 1/1] 127.0.0.1 () {40 vars in 752 bytes} [Tue Oct  9 17:19:59 2018] GET / => generated 9807 bytes in 1077 msecs (HTTP/1.1 200) 4 headers in 124 bytes (2 switches on core 0)
[pid: 59808|app: 0|req: 2/3] 127.0.0.1 () {40 vars in 797 bytes} [Tue Oct  9 17:20:01 2018] GET /static/images/logo.png => generated 96 bytes in 1096 msecs (HTTP/1.1 404) 3 headers in 100 bytes (2 switches on core 1)
[pid: 59808|app: 0|req: 2/3] 127.0.0.1 () {40 vars in 731 bytes} [Tue Oct  9 17:20:01 2018] GET /static/js/slide.js => generated 92 bytes in 1096 msecs (HTTP/1.1 404) 3 headers in 100 bytes (2 switches on core 0)
[pid: 59808|app: 0|req: 3/4] 127.0.0.1 () {40 vars in 739 bytes} [Tue Oct  9 17:20:02 2018] GET /static/js/slideshow.js => generated 96 bytes in 1 msecs (HTTP/1.1 404) 3 headers in 100 bytes (1 switches on core 1)
[pid: 59809|app: 0|req: 2/7] 127.0.0.1 () {40 vars in 747 bytes} [Tue Oct  9 17:20:01 2018] GET /static/js/jquery-ui.min.js => generated 100 bytes in 1106 msecs (HTTP/1.1 404) 3 headers in 101 bytes (2 switches on core 0)
[pid: 59809|app: 0|req: 2/7] 127.0.0.1 () {40 vars in 755 bytes} [Tue Oct  9 17:20:01 2018] GET /static/js/jquery-1.12.4.min.js => generated 104 bytes in 1107 msecs (HTTP/1.1 404) 3 headers in 101 bytes (1 switches on core 1)
[pid: 59810|app: 0|req: 2/7] 127.0.0.1 () {40 vars in 750 bytes} [Tue Oct  9 17:20:01 2018] GET /static/css/reset.css => generated 94 bytes in 1108 msecs (HTTP/1.1 404) 3 headers in 100 bytes (2 switches on core 1)
[pid: 59810|app: 0|req: 2/8] 127.0.0.1 () {40 vars in 748 bytes} [Tue Oct  9 17:20:01 2018] GET /static/css/main.css => generated 93 bytes in 1108 msecs (HTTP/1.1 404) 3 headers in 100 bytes (2 switches on core 0)
[pid: 59811|app: 0|req: 2/9] 127.0.0.1 () {40 vars in 797 bytes} [Tue Oct  9 17:20:02 2018] GET /static/images/logo.png => generated 96 bytes in 2 msecs (HTTP/1.1 404) 3 headers in 100 bytes (1 switches on core 0)
[pid: 59811|app: 0|req: 3/10] 127.0.0.1 () {40 vars in 717 bytes} [Tue Oct  9 17:20:02 2018] GET /favicon.ico => generated 85 bytes in 2 msecs (HTTP/1.1 404) 3 headers in 100 bytes (2 switches on core 1)
SIGINT/SIGQUIT received...killing workers...
gateway "uWSGI http 1" has been buried (pid: 59812)
worker 4 buried after 1 seconds
worker 3 buried after 1 seconds
worker 2 buried after 1 seconds
worker 1 buried after 1 seconds
goodbye to uWSGI.
